2025-05-29 16:23:47,252 - Texto ingresado: Estoy avanzando en mi trabajo del doctorado porque la presentación es la otra semana.
2025-05-29 16:23:47,252 - Emoción predicha: Estrés
2025-05-29 16:24:11,929 - Texto ingresado: Ya tengo mucha hambre pero aún no termino mi trabajo.
2025-05-29 16:24:11,929 - Emoción predicha: Estrés
2025-05-29 16:24:20,700 - Texto ingresado: Tengo ganas de dormir.
2025-05-29 16:24:20,700 - Emoción predicha: Preocupación
2025-05-29 16:24:38,877 - Texto ingresado: Me gusta mucho ver el atardecer.
2025-05-29 16:24:38,877 - Emoción predicha: Miedo
2025-05-29 16:24:52,996 - Texto ingresado: Tengo ganas de llorar por todo lo que me ha pasado.
2025-05-29 16:24:52,996 - Emoción predicha: Felicidad
2025-05-29 16:26:30,822 - Texto ingresado: Estoy avanzando en mi trabajo del doctorado porque la presentación es la otra semana.
2025-05-29 16:26:30,823 - Emoción predicha: Estrés
2025-05-29 16:26:39,220 - Texto ingresado: Estoy feliz porque ya acabó el semestre.
2025-05-29 16:26:39,220 - Emoción predicha: Ira
2025-05-29 16:26:48,543 - Texto ingresado: Tengo mucha hambre y ya me quiero ir.
2025-05-29 16:26:48,543 - Emoción predicha: Preocupación
2025-05-29 16:27:00,215 - Texto ingresado: Tengo ganas de dormir toda la tarde, no tengo ganas de nada.
2025-05-29 16:27:00,215 - Emoción predicha: Estrés
2025-05-29 23:11:07,475 - Texto ingresado: Estoy terminando de programar y ya tengo mucha hambre.
2025-05-29 23:11:07,476 - Emoción predicha: Estrés
2025-05-29 23:11:37,878 - Texto ingresado: Mañana tengo que llegar temprano a la escuela para asistir a unas reuniones.
2025-05-29 23:11:37,878 - Emoción predicha: Estrés
2025-05-29 23:11:52,539 - Texto ingresado: Estoy contento porque ya acabó el semestre.
2025-05-29 23:11:52,539 - Emoción predicha: Preocupación
2025-05-29 23:12:24,698 - Texto ingresado: M siento decaído porque tengo muchos pendientes.
2025-05-29 23:12:24,698 - Emoción predicha: Preocupación
2025-05-29 23:12:41,076 - Texto ingresado: Me siento triste porque no aprobé una materia.
2025-05-29 23:12:41,077 - Emoción predicha: Ira
2025-05-29 23:13:02,209 - Texto ingresado: No me gusta como es la actitud de los alumnos.
2025-05-29 23:13:02,210 - Emoción predicha: Felicidad
2025-05-30 00:59:05,680 - Texto ingresado: Ya terminé de cenar y estaban muy ricos los tacos.
2025-05-30 00:59:05,681 - Emoción predicha: Estrés
2025-05-30 00:59:22,952 - Texto ingresado: El color amarillo es mi favorito.
2025-05-30 00:59:22,952 - Emoción predicha: Felicidad
2025-05-30 00:59:36,885 - Texto ingresado: Diana es una niña muy bonita.
2025-05-30 00:59:36,885 - Emoción predicha: Felicidad
2025-05-30 01:00:17,775 - Texto ingresado: Bolita es mi mascota de toda la vida.
2025-05-30 01:00:17,776 - Emoción predicha: Felicidad
2025-05-30 01:00:37,763 - Texto ingresado: Me quedé sin batería del celular.
2025-05-30 01:00:37,763 - Emoción predicha: Preocupación
2025-05-30 01:00:53,156 - Texto ingresado: Me despedí de un ser querido.
2025-05-30 01:00:53,156 - Emoción predicha: Tristeza
2025-05-30 02:47:50,912 - Texto ingresado: Ya es muy tarde, tengo sueño y aún no termino mi programa.
2025-05-30 02:47:50,913 - Emoción predicha: Estrés
2025-05-30 02:48:05,978 - Texto ingresado: Mi color favorito es el amarillo y quiero una playera.
2025-05-30 02:48:05,979 - Emoción predicha: Felicidad
2025-05-30 02:48:19,980 - Texto ingresado: Me duele la espalda de tanto trabajo que tengo.
2025-05-30 02:48:19,980 - Emoción predicha: Preocupación
2025-05-30 02:48:33,579 - Texto ingresado: Ya es hora de ir a dormir porque mañana tengo que trabajar.
2025-05-30 02:48:33,580 - Emoción predicha: Estrés
2025-05-30 02:48:50,660 - Texto ingresado: Me siento decaido porque no he podido ir a ver a mis papás.
2025-05-30 02:48:50,660 - Emoción predicha: Tristeza
2025-05-30 02:49:13,998 - Texto ingresado: La Dra Somodevilla quiere que le presente avances la siguiente semana de mi tesis.
2025-05-30 02:49:14,000 - Emoción predicha: Preocupación
2025-05-30 02:49:23,821 - Texto ingresado: Me abruma mucho el pensar en mi futuro.
2025-05-30 02:49:23,821 - Emoción predicha: Preocupación
2025-05-30 02:49:41,074 - Texto ingresado: Le tengo pánico a las alturas y a los bichos.
2025-05-30 02:49:41,074 - Emoción predicha: Preocupación
2025-05-30 02:49:57,466 - Texto ingresado: Me desagrada la comida muy grasosa.
2025-05-30 02:49:57,466 - Emoción predicha: Estrés
2025-05-30 02:50:11,539 - Texto ingresado: Me da asco la mayonesa en los platillos.
2025-05-30 02:50:11,539 - Emoción predicha: Preocupación
2025-05-30 02:50:23,544 - Texto ingresado: Me da asco la mayonesa.
2025-05-30 02:50:23,544 - Emoción predicha: Preocupación
2025-05-30 02:50:34,063 - Texto ingresado: Me siento contento por haber terminado el semestre.
2025-05-30 02:50:34,064 - Emoción predicha: Felicidad
2025-05-30 12:59:47,365 - Texto ingresado: Pacheco rompió la bolsa de cacahuates.
2025-05-30 12:59:47,365 - Emoción predicha: Preocupación
2025-05-30 13:00:01,249 - Texto ingresado: Mi color favorito es el amarillo y quiero una playera.
2025-05-30 13:00:01,250 - Emoción predicha: Felicidad
